{"/Users/student/Desktop/sudoku/src/sudoku.js": {"path":"/Users/student/Desktop/sudoku/src/sudoku.js","statementMap":{"0":{"start":{"line":4,"column":0},"end":{"line":10,"column":2}},"1":{"start":{"line":5,"column":16},"end":{"line":5,"column":18}},"2":{"start":{"line":6,"column":4},"end":{"line":8,"column":5}},"3":{"start":{"line":6,"column":14},"end":{"line":6,"column":15}},"4":{"start":{"line":7,"column":8},"end":{"line":7,"column":21}},"5":{"start":{"line":9,"column":4},"end":{"line":9,"column":17}},"6":{"start":{"line":12,"column":0},"end":{"line":22,"column":1}},"7":{"start":{"line":13,"column":16},"end":{"line":13,"column":20}},"8":{"start":{"line":14,"column":21},"end":{"line":14,"column":23}},"9":{"start":{"line":15,"column":4},"end":{"line":20,"column":7}},"10":{"start":{"line":16,"column":6},"end":{"line":19,"column":31}},"11":{"start":{"line":17,"column":8},"end":{"line":17,"column":22}},"12":{"start":{"line":19,"column":8},"end":{"line":19,"column":31}},"13":{"start":{"line":21,"column":4},"end":{"line":21,"column":17}}},"fnMap":{"0":{"name":"Board","decl":{"start":{"line":1,"column":16},"end":{"line":1,"column":21}},"loc":{"start":{"line":1,"column":24},"end":{"line":2,"column":1}},"line":1},"1":{"name":"(anonymous_1)","decl":{"start":{"line":4,"column":26},"end":{"line":4,"column":27}},"loc":{"start":{"line":4,"column":37},"end":{"line":10,"column":1}},"line":4},"2":{"name":"(anonymous_2)","decl":{"start":{"line":12,"column":35},"end":{"line":12,"column":36}},"loc":{"start":{"line":12,"column":54},"end":{"line":22,"column":1}},"line":12},"3":{"name":"(anonymous_3)","decl":{"start":{"line":15,"column":21},"end":{"line":15,"column":22}},"loc":{"start":{"line":15,"column":35},"end":{"line":20,"column":5}},"line":15}},"branchMap":{"0":{"loc":{"start":{"line":16,"column":6},"end":{"line":19,"column":31}},"type":"if","locations":[{"start":{"line":16,"column":6},"end":{"line":19,"column":31}},{"start":{"line":16,"column":6},"end":{"line":19,"column":31}}],"line":16}},"s":{"0":1,"1":1,"2":1,"3":1,"4":9,"5":1,"6":1,"7":1,"8":1,"9":1,"10":9,"11":2,"12":7,"13":1},"f":{"0":2,"1":1,"2":1,"3":9},"b":{"0":[2,7]},"_coverageSchema":"43e27e138ebf9cfc5966b082cf9a028302ed4184","hash":"049526d3bcaaacdbb1f324071107c7e148e72e51"}
}
