{"/Users/student/Desktop/sudoku/src/sudoku.js": {"path":"/Users/student/Desktop/sudoku/src/sudoku.js","statementMap":{"0":{"start":{"line":2,"column":4},"end":{"line":2,"column":21}}},"fnMap":{"0":{"name":"Game","decl":{"start":{"line":1,"column":16},"end":{"line":1,"column":20}},"loc":{"start":{"line":1,"column":27},"end":{"line":3,"column":1}},"line":1}},"branchMap":{},"s":{"0":1},"f":{"0":1},"b":{},"_coverageSchema":"43e27e138ebf9cfc5966b082cf9a028302ed4184","hash":"6b2dedfae275889673e0d6656c2288d9773c758d"}
}
